<?xml version="1.0" encoding="UTF-8"?>
<!-- Generated by org.testng.reporters.JUnitReportReporter -->
<testsuite hostname="LAPTOP-ODIK6SBS" failures="0" tests="5" name="Tests.PIMPageTest" time="82.377" errors="0" timestamp="12 Dec 2023 18:00:38 GMT" skipped="0">
  <testcase classname="Tests.PIMPageTest" name="addEmployeFunctionality" time="26.052"/>
  <testcase classname="Tests.PIMPageTest" name="employeListFunctionality" time="10.537"/>
  <testcase classname="Tests.PIMPageTest" name="searchByEmployeIdFunctionality" time="16.265"/>
  <testcase classname="Tests.PIMPageTest" name="DeleteFunctionality" time="13.283"/>
  <testcase classname="Tests.PIMPageTest" name="logOut" time="16.240"/>
</testsuite> <!-- Tests.PIMPageTest -->
