<?xml version="1.0" encoding="UTF-8"?>
<!-- Generated by org.testng.reporters.JUnitReportReporter -->
<testsuite hostname="LAPTOP-ODIK6SBS" failures="0" tests="1" name="Tests.DashboardPageTest" time="12.196" errors="0" timestamp="11 Dec 2023 16:32:41 GMT" skipped="0">
  <testcase classname="Tests.DashboardPageTest" name="adminTest" time="12.196"/>
</testsuite> <!-- Tests.DashboardPageTest -->
