<?xml version="1.0" encoding="UTF-8"?>
<!-- Generated by org.testng.reporters.JUnitReportReporter -->
<testsuite hostname="LAPTOP-ODIK6SBS" failures="0" tests="3" name="Tests.AdminPageTest" time="73.665" errors="0" timestamp="10 Dec 2023 14:28:59 GMT" skipped="0">
  <testcase classname="Tests.AdminPageTest" name="addNewUser" time="43.299"/>
  <testcase classname="Tests.AdminPageTest" name="searchFunctionalityCheck" time="9.520"/>
  <testcase classname="Tests.AdminPageTest" name="updateFunctionalityCheck" time="20.846"/>
</testsuite> <!-- Tests.AdminPageTest -->
