<?xml version="1.0" encoding="UTF-8"?>
<!-- Generated by org.testng.reporters.JUnitReportReporter -->
<testsuite hostname="LAPTOP-ODIK6SBS" failures="0" tests="1" name="Tests.DashboardPageTest" time="11.588" errors="0" timestamp="05 Dec 2023 03:01:06 GMT" skipped="0">
  <testcase classname="Tests.DashboardPageTest" name="adminTest" time="11.588"/>
</testsuite> <!-- Tests.DashboardPageTest -->
