<?xml version="1.0" encoding="UTF-8"?>
<!-- Generated by org.testng.reporters.JUnitReportReporter -->
<testsuite hostname="LAPTOP-ODIK6SBS" failures="0" tests="1" name="Tests.LoginPageTest" time="10.436" errors="0" timestamp="11 Dec 2023 16:32:41 GMT" skipped="0">
  <testcase classname="Tests.LoginPageTest" name="loginTestWithValidCredentials" time="10.436"/>
</testsuite> <!-- Tests.LoginPageTest -->
